[2022-04-03 06:39:35.134 PM] info: 	Lost Ark LFG is ready! Create channel: 959930653686763576, List channel 959963762142634034
[2022-04-03 08:26:37.613 PM] info: 	[object Object]
[2022-04-03 08:26:38.058 PM] info: 	Lost Ark LFG is ready! Create channel: 959930653686763576, List channel 959963762142634034
[2022-04-03 09:08:05.877 PM] info: 	Schema imported
[2022-04-03 09:08:06.180 PM] info: 	Lost Ark LFG is ready! Create channel: 959930653686763576, List channel 959963762142634034
[2022-04-03 09:08:21.109 PM] info: 	Lost Ark LFG is ready! Create channel: 959930653686763576, List channel 959963762142634034
[2022-04-03 09:09:21.459 PM] info: 	Database connected
[2022-04-03 09:09:21.806 PM] info: 	Lost Ark LFG is ready! Create channel: 959930653686763576, List channel 959963762142634034
[2022-04-03 09:37:27.672 PM] info: 	Database file does not exist
[2022-04-03 09:37:27.704 PM] info: 	Empty file created
[2022-04-03 09:37:27.711 PM] info: 	Schema imported
[2022-04-03 09:37:28.034 PM] info: 	Lost Ark LFG is ready! Create channel: 959930653686763576, List channel 959963762142634034
[2022-04-03 09:44:34.280 PM] info: 	Database connected
[2022-04-03 09:44:34.620 PM] info: 	Lost Ark LFG is ready! Create channel: 959930653686763576, List channel 959963762142634034
[2022-04-03 11:05:26.709 PM] info: 	Database file does not exist
[2022-04-03 11:05:26.737 PM] info: 	Empty file created
[2022-04-03 11:05:45.853 PM] info: 	Schema imported
[2022-04-03 11:08:07.686 PM] info: 	Database file does not exist
[2022-04-03 11:08:07.711 PM] info: 	Empty file created
[2022-04-03 11:08:07.719 PM] info: 	Schema imported
[2022-04-03 11:08:07.719 PM] info: 	Database connected
[2022-04-03 11:08:35.021 PM] info: 	Database file does not exist
[2022-04-03 11:08:35.046 PM] info: 	Empty file created
[2022-04-03 11:08:35.054 PM] info: 	Schema imported
[2022-04-03 11:08:35.055 PM] info: 	Database connected
[2022-04-03 11:14:32.013 PM] info: 	Database file does not exist
[2022-04-03 11:14:32.038 PM] info: 	Empty file created
[2022-04-03 11:14:32.051 PM] info: 	Schema imported
[2022-04-03 11:23:32.857 PM] info: 	Database file does not exist
[2022-04-03 11:23:32.882 PM] info: 	Empty file created
[2022-04-03 11:23:32.897 PM] info: 	Database connected, schema imported for new database creation
[2022-04-03 11:45:00.850 PM] info: 	Database file does not exist
[2022-04-03 11:45:00.853 PM] info: 	Database connected
[2022-04-03 11:45:00.876 PM] info: 	Empty file created
[2022-04-03 11:45:44.575 PM] info: 	Database file does not exist
[2022-04-03 11:45:44.580 PM] info: 	Database connected
[2022-04-03 11:45:44.603 PM] info: 	Empty file created
[2022-04-03 11:46:54.968 PM] info: 	Database file does not exist
[2022-04-03 11:46:54.972 PM] info: 	Database connected
[2022-04-03 11:46:54.995 PM] info: 	Empty file created
[2022-04-03 11:47:41.269 PM] info: 	Row count: undefined
[2022-04-03 11:47:41.271 PM] info: 	Database connected
[2022-04-03 11:48:24.245 PM] info: 	Row count: undefined
[2022-04-03 11:48:24.248 PM] info: 	Database connected
[2022-04-03 11:48:54.069 PM] info: 	Row count: undefined
[2022-04-03 11:48:54.072 PM] info: 	Database connected
[2022-04-03 11:49:22.143 PM] info: 	Row count: undefined
[2022-04-03 11:49:22.145 PM] info: 	Attempting to import schema
[2022-04-03 11:49:22.147 PM] info: 	Schema imported for new database creation
[2022-04-03 11:49:22.147 PM] info: 	Database connected
[2022-04-03 11:50:04.835 PM] info: 	Row count: undefined
[2022-04-03 11:50:04.837 PM] info: 	Attempting to import schema
[2022-04-03 11:50:04.839 PM] info: 	Schema imported for new database creation
[2022-04-03 11:50:04.839 PM] info: 	Database connected
[2022-04-03 11:55:03.200 PM] info: 	Lost Ark LFG is ready! Create channel: 959930653686763576, List channel 959963762142634034
[2022-04-04 12:40:48.360 AM] info: 	Lost Ark LFG is ready! Create channel: 959930653686763576, List channel 959963762142634034
[2022-04-04 12:41:10.824 AM] info: 	Lost Ark LFG is ready! Create channel: 959930653686763576, List channel 959963762142634034
[2022-04-04 12:46:43.050 AM] info: 	Database file does not exist
[2022-04-04 12:46:43.078 AM] info: 	Empty file created
[2022-04-04 12:49:15.314 AM] info: 	Database file does not exist
[2022-04-04 12:49:15.342 AM] info: 	Empty file created
[2022-04-04 12:49:44.493 AM] info: 	Database file does not exist
[2022-04-04 12:49:44.520 AM] info: 	Empty file created
[2022-04-04 12:54:58.950 AM] info: 	Lost Ark LFG is ready! Create channel: 959930653686763576, List channel 959963762142634034
[2022-04-04 12:55:09.556 AM] info: 	Database file does not exist
[2022-04-04 12:55:09.584 AM] info: 	Empty file created
[2022-04-04 12:55:09.817 AM] info: 	Lost Ark LFG is ready! Create channel: 959930653686763576, List channel 959963762142634034
[2022-04-04 01:24:14.283 AM] info: 	Correct table was not found, importing schema
[2022-04-04 01:24:14.286 AM] info: 	Schema import completed
[2022-04-04 01:24:14.287 AM] info: 	Database connected
[2022-04-04 01:24:14.660 AM] info: 	Lost Ark LFG is ready! Create channel: 959930653686763576, List channel 959963762142634034
[2022-04-04 01:24:21.640 AM] info: 	Correct table was not found, importing schema
[2022-04-04 01:24:21.643 AM] info: 	Schema import completed
[2022-04-04 01:24:21.644 AM] info: 	Database connected
[2022-04-04 01:24:21.931 AM] info: 	Lost Ark LFG is ready! Create channel: 959930653686763576, List channel 959963762142634034
[2022-04-04 01:24:55.222 AM] info: 	Correct table was not found, importing schema
[2022-04-04 01:24:55.226 AM] info: 	Schema import completed
[2022-04-04 01:24:55.226 AM] info: 	Database connected
[2022-04-04 01:24:55.492 AM] info: 	Lost Ark LFG is ready! Create channel: 959930653686763576, List channel 959963762142634034
[2022-04-04 01:25:56.253 AM] info: 	Correct table was not found, importing schema
[2022-04-04 01:25:56.256 AM] info: 	Schema import completed
[2022-04-04 01:25:56.257 AM] info: 	Database connected
[2022-04-04 01:25:56.525 AM] info: 	Lost Ark LFG is ready! Create channel: 959930653686763576, List channel 959963762142634034
[2022-04-04 01:28:17.430 AM] info: 	Correct table was not found, importing schema
[2022-04-04 01:28:17.433 AM] info: 	Schema import completed
[2022-04-04 01:28:17.434 AM] info: 	Database connected
[2022-04-04 01:28:17.711 AM] info: 	Lost Ark LFG is ready! Create channel: 959930653686763576, List channel 959963762142634034
[2022-04-04 01:28:37.732 AM] info: 	Correct table was not found, importing schema
[2022-04-04 01:28:37.735 AM] info: 	Schema import completed
[2022-04-04 01:28:37.736 AM] info: 	Database connected
[2022-04-04 01:28:38.084 AM] info: 	Lost Ark LFG is ready! Create channel: 959930653686763576, List channel 959963762142634034
[2022-04-04 01:30:53.057 AM] info: 	Correct table was not found, importing schema
[2022-04-04 01:30:53.061 AM] info: 	Schema import completed
[2022-04-04 01:30:53.061 AM] info: 	Database connected
[2022-04-04 01:30:53.475 AM] info: 	Lost Ark LFG is ready! Create channel: 959930653686763576, List channel 959963762142634034
[2022-04-04 01:31:25.040 AM] info: 	Correct table was not found, importing schema
[2022-04-04 01:31:25.044 AM] info: 	Schema import completed
[2022-04-04 01:31:25.044 AM] info: 	Database connected
[2022-04-04 01:31:25.303 AM] info: 	Lost Ark LFG is ready! Create channel: 959930653686763576, List channel 959963762142634034
[2022-04-04 01:31:32.891 AM] info: 	Correct table was not found, importing schema
[2022-04-04 01:31:32.894 AM] info: 	Schema import completed
[2022-04-04 01:31:32.895 AM] info: 	Database connected
[2022-04-04 01:31:33.207 AM] info: 	Lost Ark LFG is ready! Create channel: 959930653686763576, List channel 959963762142634034
[2022-04-04 01:39:59.953 AM] info: 	Database connected
[2022-04-04 01:39:59.979 AM] info: 	Correct table was not found, importing schema
[2022-04-04 01:39:59.981 AM] info: 	Schema import completed
[2022-04-04 01:40:00.371 AM] info: 	Lost Ark LFG is ready! Create channel: 959930653686763576, List channel 959963762142634034
[2022-04-04 01:41:53.856 AM] info: 	Database connected
[2022-04-04 01:42:21.536 AM] info: 	Database connected
[2022-04-04 01:42:21.563 AM] info: 	Correct table was found
[2022-04-04 01:42:21.831 AM] info: 	Lost Ark LFG is ready! Create channel: 959930653686763576, List channel 959963762142634034
[2022-04-04 01:42:45.923 AM] info: 	Database file does not exist
[2022-04-04 01:42:45.926 AM] info: 	Database connected
[2022-04-04 01:42:45.949 AM] info: 	Empty file created
[2022-04-04 01:43:28.140 AM] info: 	Database connected
[2022-04-04 01:43:57.278 AM] info: 	Database connected
[2022-04-04 01:43:57.305 AM] info: 	Correct table was not found, importing schema
[2022-04-04 01:43:57.307 AM] info: 	Schema import completed
[2022-04-04 01:45:32.496 AM] info: 	Database connected
[2022-04-04 01:45:32.522 AM] info: 	Correct table was not found, importing schema
[2022-04-04 01:45:32.523 AM] info: 	Schema import completed
[2022-04-04 01:45:32.970 AM] info: 	Lost Ark LFG is ready! Create channel: 959930653686763576, List channel 959963762142634034
[2022-04-04 01:47:55.750 AM] info: 	Database file does not exist
[2022-04-04 01:47:55.754 AM] info: 	Database connected
[2022-04-04 01:47:55.777 AM] info: 	Empty file created
[2022-04-04 01:47:55.779 AM] info: 	Correct table was not found, importing schema
[2022-04-04 01:47:55.781 AM] info: 	Schema import completed
[2022-04-04 01:47:56.100 AM] info: 	Lost Ark LFG is ready! Create channel: 959930653686763576, List channel 959963762142634034
[2022-04-04 01:48:01.156 AM] info: 	Database connected
[2022-04-04 01:48:01.183 AM] info: 	Correct table was found
[2022-04-04 01:48:01.425 AM] info: 	Lost Ark LFG is ready! Create channel: 959930653686763576, List channel 959963762142634034
[2022-04-04 01:48:48.634 AM] info: 	Database connected
[2022-04-04 01:48:48.661 AM] info: 	Correct table was found
[2022-04-04 01:48:48.907 AM] info: 	Lost Ark LFG is ready! Create channel: 959930653686763576, List channel 959963762142634034
[2022-04-04 01:49:21.826 AM] info: 	LFG Message undefined created
[2022-04-04 01:53:48.803 AM] info: 	Database connected
[2022-04-04 01:53:48.829 AM] info: 	Correct table was found
[2022-04-04 01:53:49.263 AM] info: 	Lost Ark LFG is ready! Create channel: 959930653686763576, List channel 959963762142634034
[2022-04-04 01:53:55.262 AM] info: 	LFG Message 960416910661537852 created
[2022-04-04 01:53:55.401 AM] info: 	LFG Thread 960416910661537852 created
[2022-04-04 01:55:36.182 AM] info: 	Database connected
[2022-04-04 01:55:36.210 AM] info: 	Correct table was found
[2022-04-04 01:55:36.534 AM] info: 	Lost Ark LFG is ready! Create channel: 959930653686763576, List channel 959963762142634034
[2022-04-04 01:55:52.286 AM] info: 	LFG Message 960417401596444682 created
[2022-04-04 01:55:52.527 AM] info: 	LFG Thread 960417401596444682 created
[2022-04-04 01:56:21.764 AM] info: 	Database connected
[2022-04-04 01:56:21.791 AM] info: 	Correct table was found
[2022-04-04 01:56:22.070 AM] info: 	Lost Ark LFG is ready! Create channel: 959930653686763576, List channel 959963762142634034
[2022-04-04 01:56:29.275 AM] info: 	LFG Message 960417556706000926 created
[2022-04-04 01:56:29.409 AM] info: 	LFG Thread 960417556706000926 created
[2022-04-04 02:06:27.164 AM] info: 	Database connected
[2022-04-04 02:06:27.192 AM] info: 	Correct table was found
[2022-04-04 02:06:27.534 AM] info: 	Lost Ark LFG is ready! Create channel: 959930653686763576, List channel 959963762142634034
[2022-04-04 02:09:20.419 AM] info: 	Database connected
[2022-04-04 02:09:20.459 AM] info: 	Correct table was found
[2022-04-04 02:09:20.863 AM] info: 	Lost Ark LFG is ready! Create channel: 959930653686763576, List channel 959963762142634034
[2022-04-04 02:10:42.294 AM] info: 	Database connected
[2022-04-04 02:10:42.328 AM] info: 	Correct table was found
[2022-04-04 02:10:42.637 AM] info: 	Lost Ark LFG is ready! Create channel: 959930653686763576, List channel 959963762142634034
[2022-04-04 02:10:44.963 AM] info: 	LFG Message 960421145537052713 created
[2022-04-04 02:10:45.104 AM] info: 	LFG Thread 960421145537052713 created
[2022-04-04 02:11:00.908 AM] info: 	Database connected
[2022-04-04 02:11:00.941 AM] info: 	Correct table was found
[2022-04-04 02:11:01.267 AM] info: 	Lost Ark LFG is ready! Create channel: 959930653686763576, List channel 959963762142634034
[2022-04-04 02:11:08.957 AM] info: 	LFG Message 960421246313586688 created
[2022-04-04 02:11:09.147 AM] info: 	LFG Thread 960421246313586688 created
[2022-04-04 02:11:32.226 AM] info: 	Database file does not exist
[2022-04-04 02:11:32.230 AM] info: 	Database connected
[2022-04-04 02:11:32.260 AM] info: 	Empty file created
[2022-04-04 02:11:32.263 AM] info: 	Correct table was not found, importing schema
[2022-04-04 02:11:32.264 AM] info: 	Schema import completed
[2022-04-04 02:11:32.596 AM] info: 	Lost Ark LFG is ready! Create channel: 959930653686763576, List channel 959963762142634034
[2022-04-04 02:11:38.709 AM] info: 	LFG Message 960421371001851924 created
[2022-04-04 02:11:38.852 AM] info: 	LFG Thread 960421371001851924 created
